<?xml version="1.0" encoding="UTF-8"?>
<testsuite name="PhoneBookTest" tests="1" skipped="0" failures="0" errors="0" timestamp="2020-03-23T11:11:51" hostname="DEL1-LHP-N68342" time="3.695">
  <properties/>
  <testcase name="start" classname="PhoneBookTest" time="3.695"/>
  <system-out><![CDATA[?[1;31m
Start test 1?[0m
Start searching (linear search)...
Found 500 / 500 entries. Time taken: 0 min. 0 sec. 18 ms. 

Start searching (bubble sort + jump search)...
Found 500 / 500 entries. Time taken: 0 min. 2 sec. 73 ms.
Sorting time: 0 min. 2 sec. 56 ms. 
Searching time: 0 min. 0 sec. 17 ms.

Start searching (quick sort + binary search)...
Found 500 / 500 entries. Time taken: 0 min. 0 sec. 543 ms.
Sorting time: 0 min. 0 sec. 537 ms.
Searching time: 0 min. 0 sec. 6 ms.

Start searching (hash table)...
Found 500 / 500 entries. Time taken: 0 min. 0 sec. 16 ms.
Creating time : 0 min. 0 sec. 12 ms.
Searching time : 0 min. 0 sec. 4 ms.
]]></system-out>
  <system-err><![CDATA[]]></system-err>
</testsuite>
